Added Component: Designator=BT1(HWN_S8411-45R)
Add component (AddParameter): Name = "Assembly Instructions"; Value = ""; VariantName = "[No Variations]"
Add component (AddParameter): Name = "Detailed Description"; Value = "Battery Holder, 12 mm Coin Cell, CR1220, SM, RoHS"; VariantName = "[No Variations]"
Add component (AddParameter): Name = "Internal Part #"; Value = ""; VariantName = "[No Variations]"
Add component (AddParameter): Name = "Manufacturer"; Value = "Harwin"; VariantName = "[No Variations]"
Add component (AddParameter): Name = "Manufacturer's Part #"; Value = "S8411-45R"; VariantName = "[No Variations]"
Add component (AddParameter): Name = "Part"; Value = "S8411-45R, CR1220 Coin Cell"; VariantName = "[No Variations]"
Add component (AddParameter): Name = "Revision"; Value = "1"; VariantName = "[No Variations]"
Add component (AddParameter): Name = "Supplier 1"; Value = "Digi-Key"; VariantName = "[No Variations]"
Add component (AddParameter): Name = "Supplier 2"; Value = "Mouser"; VariantName = "[No Variations]"
Add component (AddParameter): Name = "Supplier Part Number 1"; Value = "952-1745-1-ND"; VariantName = "[No Variations]"
Add component (AddParameter): Name = "Supplier Part Number 2"; Value = "855-S8411-45R"; VariantName = "[No Variations]"
Add component (AddParameter): Name = "Type"; Value = "Battery Holder"; VariantName = "[No Variations]"
Added Component: Designator=C1(CAPC1608X10N)
Add component (AddParameter): Name = "Alternate Part #"; Value = ""; VariantName = "[No Variations]"
Add component (AddParameter): Name = "Alternate Part Supplier"; Value = ""; VariantName = "[No Variations]"
Add component (AddParameter): Name = "Assembly Instructions"; Value = ""; VariantName = "[No Variations]"
Add component (AddParameter): Name = "Current Rating"; Value = ""; VariantName = "[No Variations]"
Add component (AddParameter): Name = "Detailed Description"; Value = "Capacitor, 10uF, 10V, SM 0603, Multilayer Ceramic, X5R, RoHS"; VariantName = "[No Variations]"
Add component (AddParameter): Name = "ESR"; Value = ""; VariantName = "[No Variations]"
Add component (AddParameter): Name = "Internal Part #"; Value = ""; VariantName = "[No Variations]"
Add component (AddParameter): Name = "Manufacturer"; Value = "Murata"; VariantName = "[No Variations]"
Add component (AddParameter): Name = "Manufacturer's Part #"; Value = "GRM188R61A106KE69D"; VariantName = "[No Variations]"
Add component (AddParameter): Name = "Package"; Value = "0603"; VariantName = "[No Variations]"
Add component (AddParameter): Name = "Part"; Value = "10uF"; VariantName = "[No Variations]"
Add component (AddParameter): Name = "Revision"; Value = "1"; VariantName = "[No Variations]"
Add component (AddParameter): Name = "Supplier 1"; Value = "Digi-Key"; VariantName = "[No Variations]"
Add component (AddParameter): Name = "Supplier 2"; Value = "Mouser"; VariantName = "[No Variations]"
Add component (AddParameter): Name = "Supplier Part Number 1"; Value = "490-10474-1-ND"; VariantName = "[No Variations]"
Add component (AddParameter): Name = "Supplier Part Number 2"; Value = "81-GRM188R61A106KE9D"; VariantName = "[No Variations]"
Add component (AddParameter): Name = "Tolerance"; Value = "10%"; VariantName = "[No Variations]"
Add component (AddParameter): Name = "Type"; Value = "Capacitor"; VariantName = "[No Variations]"
Add component (AddParameter): Name = "Voltage Rating"; Value = "10V"; VariantName = "[No Variations]"
Added Component: Designator=C2(CAPC1608X09N)
Add component (AddParameter): Name = "Alternate Part #"; Value = ""; VariantName = "[No Variations]"
Add component (AddParameter): Name = "Alternate Part Supplier"; Value = ""; VariantName = "[No Variations]"
Add component (AddParameter): Name = "Assembly Instructions"; Value = ""; VariantName = "[No Variations]"
Add component (AddParameter): Name = "Current Rating"; Value = ""; VariantName = "[No Variations]"
Add component (AddParameter): Name = "Detailed Description"; Value = "Capacitor, 0.1uF, 50V, SM 0603, Multilayer Ceramic,, X7R, RoHS"; VariantName = "[No Variations]"
Add component (AddParameter): Name = "ESR"; Value = ""; VariantName = "[No Variations]"
Add component (AddParameter): Name = "Internal Part #"; Value = ""; VariantName = "[No Variations]"
Add component (AddParameter): Name = "Manufacturer"; Value = "Yageo"; VariantName = "[No Variations]"
Add component (AddParameter): Name = "Manufacturer's Part #"; Value = "CC0603KRX7R9BB104"; VariantName = "[No Variations]"
Add component (AddParameter): Name = "Package"; Value = "0603"; VariantName = "[No Variations]"
Add component (AddParameter): Name = "Part"; Value = "0.1uF"; VariantName = "[No Variations]"
Add component (AddParameter): Name = "Revision"; Value = "1"; VariantName = "[No Variations]"
Add component (AddParameter): Name = "Supplier 1"; Value = "Digi-Key"; VariantName = "[No Variations]"
Add component (AddParameter): Name = "Supplier 2"; Value = "Future Electronics"; VariantName = "[No Variations]"
Add component (AddParameter): Name = "Supplier 3"; Value = "Mouser"; VariantName = "[No Variations]"
Add component (AddParameter): Name = "Supplier Part Number 1"; Value = "311-1344-1-ND"; VariantName = "[No Variations]"
Add component (AddParameter): Name = "Supplier Part Number 2"; Value = "9017302"; VariantName = "[No Variations]"
Add component (AddParameter): Name = "Supplier Part Number 3"; Value = "603-CC603KRX7R9BB104"; VariantName = "[No Variations]"
Add component (AddParameter): Name = "Tolerance"; Value = "10%"; VariantName = "[No Variations]"
Add component (AddParameter): Name = "Type"; Value = "Capacitor"; VariantName = "[No Variations]"
Add component (AddParameter): Name = "Voltage Rating"; Value = "50V"; VariantName = "[No Variations]"
Added Component: Designator=C3(CAPC1608X09N)
Add component (AddParameter): Name = "Alternate Part #"; Value = ""; VariantName = "[No Variations]"
Add component (AddParameter): Name = "Alternate Part Supplier"; Value = ""; VariantName = "[No Variations]"
Add component (AddParameter): Name = "Assembly Instructions"; Value = ""; VariantName = "[No Variations]"
Add component (AddParameter): Name = "Current Rating"; Value = ""; VariantName = "[No Variations]"
Add component (AddParameter): Name = "Detailed Description"; Value = "Capacitor, 0.1uF, 50V, SM 0603, Multilayer Ceramic,, X7R, RoHS"; VariantName = "[No Variations]"
Add component (AddParameter): Name = "ESR"; Value = ""; VariantName = "[No Variations]"
Add component (AddParameter): Name = "Internal Part #"; Value = ""; VariantName = "[No Variations]"
Add component (AddParameter): Name = "Manufacturer"; Value = "Yageo"; VariantName = "[No Variations]"
Add component (AddParameter): Name = "Manufacturer's Part #"; Value = "CC0603KRX7R9BB104"; VariantName = "[No Variations]"
Add component (AddParameter): Name = "Package"; Value = "0603"; VariantName = "[No Variations]"
Add component (AddParameter): Name = "Part"; Value = "0.1uF"; VariantName = "[No Variations]"
Add component (AddParameter): Name = "Revision"; Value = "1"; VariantName = "[No Variations]"
Add component (AddParameter): Name = "Supplier 1"; Value = "Digi-Key"; VariantName = "[No Variations]"
Add component (AddParameter): Name = "Supplier 2"; Value = "Future Electronics"; VariantName = "[No Variations]"
Add component (AddParameter): Name = "Supplier 3"; Value = "Mouser"; VariantName = "[No Variations]"
Add component (AddParameter): Name = "Supplier Part Number 1"; Value = "311-1344-1-ND"; VariantName = "[No Variations]"
Add component (AddParameter): Name = "Supplier Part Number 2"; Value = "9017302"; VariantName = "[No Variations]"
Add component (AddParameter): Name = "Supplier Part Number 3"; Value = "603-CC603KRX7R9BB104"; VariantName = "[No Variations]"
Add component (AddParameter): Name = "Tolerance"; Value = "10%"; VariantName = "[No Variations]"
Add component (AddParameter): Name = "Type"; Value = "Capacitor"; VariantName = "[No Variations]"
Add component (AddParameter): Name = "Voltage Rating"; Value = "50V"; VariantName = "[No Variations]"
Added Component: Designator=C4(CAPC1608X09N)
Add component (AddParameter): Name = "Alternate Part #"; Value = ""; VariantName = "[No Variations]"
Add component (AddParameter): Name = "Alternate Part Supplier"; Value = ""; VariantName = "[No Variations]"
Add component (AddParameter): Name = "Assembly Instructions"; Value = ""; VariantName = "[No Variations]"
Add component (AddParameter): Name = "Current Rating"; Value = ""; VariantName = "[No Variations]"
Add component (AddParameter): Name = "Detailed Description"; Value = "Capacitor, 0.1uF, 50V, SM 0603, Multilayer Ceramic,, X7R, RoHS"; VariantName = "[No Variations]"
Add component (AddParameter): Name = "ESR"; Value = ""; VariantName = "[No Variations]"
Add component (AddParameter): Name = "Internal Part #"; Value = ""; VariantName = "[No Variations]"
Add component (AddParameter): Name = "Manufacturer"; Value = "Yageo"; VariantName = "[No Variations]"
Add component (AddParameter): Name = "Manufacturer's Part #"; Value = "CC0603KRX7R9BB104"; VariantName = "[No Variations]"
Add component (AddParameter): Name = "Package"; Value = "0603"; VariantName = "[No Variations]"
Add component (AddParameter): Name = "Part"; Value = "0.1uF"; VariantName = "[No Variations]"
Add component (AddParameter): Name = "Revision"; Value = "1"; VariantName = "[No Variations]"
Add component (AddParameter): Name = "Supplier 1"; Value = "Digi-Key"; VariantName = "[No Variations]"
Add component (AddParameter): Name = "Supplier 2"; Value = "Future Electronics"; VariantName = "[No Variations]"
Add component (AddParameter): Name = "Supplier 3"; Value = "Mouser"; VariantName = "[No Variations]"
Add component (AddParameter): Name = "Supplier Part Number 1"; Value = "311-1344-1-ND"; VariantName = "[No Variations]"
Add component (AddParameter): Name = "Supplier Part Number 2"; Value = "9017302"; VariantName = "[No Variations]"
Add component (AddParameter): Name = "Supplier Part Number 3"; Value = "603-CC603KRX7R9BB104"; VariantName = "[No Variations]"
Add component (AddParameter): Name = "Tolerance"; Value = "10%"; VariantName = "[No Variations]"
Add component (AddParameter): Name = "Type"; Value = "Capacitor"; VariantName = "[No Variations]"
Add component (AddParameter): Name = "Voltage Rating"; Value = "50V"; VariantName = "[No Variations]"
Added Component: Designator=D1(DIOC2012X08N_WTE)
Add component (AddParameter): Name = "Alternate Part #"; Value = ""; VariantName = "[No Variations]"
Add component (AddParameter): Name = "Alternate Part Supplier"; Value = ""; VariantName = "[No Variations]"
Add component (AddParameter): Name = "Assembly Instructions"; Value = ""; VariantName = "[No Variations]"
Add component (AddParameter): Name = "Detailed Description"; Value = "LED, Red, Clear, 0805, SM, RoHS"; VariantName = "[No Variations]"
Add component (AddParameter): Name = "Internal Part #"; Value = ""; VariantName = "[No Variations]"
Add component (AddParameter): Name = "Manufacturer"; Value = "Wurth Elektronik"; VariantName = "[No Variations]"
Add component (AddParameter): Name = "Manufacturer's Part #"; Value = "150080RS75000"; VariantName = "[No Variations]"
Add component (AddParameter): Name = "Package"; Value = "0805"; VariantName = "[No Variations]"
Add component (AddParameter): Name = "Part"; Value = "LED, Red"; VariantName = "[No Variations]"
Add component (AddParameter): Name = "Revision"; Value = "1"; VariantName = "[No Variations]"
Add component (AddParameter): Name = "Supplier 1"; Value = "Digi-Key"; VariantName = "[No Variations]"
Add component (AddParameter): Name = "Supplier 2"; Value = "Mouser"; VariantName = "[No Variations]"
Add component (AddParameter): Name = "Supplier Part Number 1"; Value = "732-4984-1-ND"; VariantName = "[No Variations]"
Add component (AddParameter): Name = "Supplier Part Number 2"; Value = "710-150080RS75000"; VariantName = "[No Variations]"
Add component (AddParameter): Name = "Type"; Value = "LED"; VariantName = "[No Variations]"
Added Component: Designator=FD1(FD_ML_1R27)
Add component (AddParameter): Name = "Alternate Part #"; Value = ""; VariantName = "[No Variations]"
Add component (AddParameter): Name = "Alternate Part #, Supplier"; Value = ""; VariantName = "[No Variations]"
Add component (AddParameter): Name = "Alternate Supplier"; Value = ""; VariantName = "[No Variations]"
Add component (AddParameter): Name = "Alternate Supplier Part #"; Value = ""; VariantName = "[No Variations]"
Add component (AddParameter): Name = "Assembly Instructions"; Value = ""; VariantName = "[No Variations]"
Add component (AddParameter): Name = "Detailed Description"; Value = "Fiducial, 1.27mm D, Multilayer, RoHS"; VariantName = "[No Variations]"
Add component (AddParameter): Name = "HRtronics Part #"; Value = ""; VariantName = "[No Variations]"
Add component (AddParameter): Name = "Manufacturer"; Value = "PCB Fabricator"; VariantName = "[No Variations]"
Add component (AddParameter): Name = "Manufacturer's Part #"; Value = ""; VariantName = "[No Variations]"
Add component (AddParameter): Name = "Part"; Value = "FID, 1R27"; VariantName = "[No Variations]"
Add component (AddParameter): Name = "Revision"; Value = "1"; VariantName = "[No Variations]"
Add component (AddParameter): Name = "Supplier"; Value = ""; VariantName = "[No Variations]"
Add component (AddParameter): Name = "Supplier Part #"; Value = ""; VariantName = "[No Variations]"
Add component (AddParameter): Name = "Type"; Value = "Fiducial"; VariantName = "[No Variations]"
Added Component: Designator=FD2(FD_ML_1R27)
Add component (AddParameter): Name = "Alternate Part #"; Value = ""; VariantName = "[No Variations]"
Add component (AddParameter): Name = "Alternate Part #, Supplier"; Value = ""; VariantName = "[No Variations]"
Add component (AddParameter): Name = "Alternate Supplier"; Value = ""; VariantName = "[No Variations]"
Add component (AddParameter): Name = "Alternate Supplier Part #"; Value = ""; VariantName = "[No Variations]"
Add component (AddParameter): Name = "Assembly Instructions"; Value = ""; VariantName = "[No Variations]"
Add component (AddParameter): Name = "Detailed Description"; Value = "Fiducial, 1.27mm D, Multilayer, RoHS"; VariantName = "[No Variations]"
Add component (AddParameter): Name = "HRtronics Part #"; Value = ""; VariantName = "[No Variations]"
Add component (AddParameter): Name = "Manufacturer"; Value = "PCB Fabricator"; VariantName = "[No Variations]"
Add component (AddParameter): Name = "Manufacturer's Part #"; Value = ""; VariantName = "[No Variations]"
Add component (AddParameter): Name = "Part"; Value = "FID, 1R27"; VariantName = "[No Variations]"
Add component (AddParameter): Name = "Revision"; Value = "1"; VariantName = "[No Variations]"
Add component (AddParameter): Name = "Supplier"; Value = ""; VariantName = "[No Variations]"
Add component (AddParameter): Name = "Supplier Part #"; Value = ""; VariantName = "[No Variations]"
Add component (AddParameter): Name = "Type"; Value = "Fiducial"; VariantName = "[No Variations]"
Added Component: Designator=FD3(FD_ML_1R27)
Add component (AddParameter): Name = "Alternate Part #"; Value = ""; VariantName = "[No Variations]"
Add component (AddParameter): Name = "Alternate Part #, Supplier"; Value = ""; VariantName = "[No Variations]"
Add component (AddParameter): Name = "Alternate Supplier"; Value = ""; VariantName = "[No Variations]"
Add component (AddParameter): Name = "Alternate Supplier Part #"; Value = ""; VariantName = "[No Variations]"
Add component (AddParameter): Name = "Assembly Instructions"; Value = ""; VariantName = "[No Variations]"
Add component (AddParameter): Name = "Detailed Description"; Value = "Fiducial, 1.27mm D, Multilayer, RoHS"; VariantName = "[No Variations]"
Add component (AddParameter): Name = "HRtronics Part #"; Value = ""; VariantName = "[No Variations]"
Add component (AddParameter): Name = "Manufacturer"; Value = "PCB Fabricator"; VariantName = "[No Variations]"
Add component (AddParameter): Name = "Manufacturer's Part #"; Value = ""; VariantName = "[No Variations]"
Add component (AddParameter): Name = "Part"; Value = "FID, 1R27"; VariantName = "[No Variations]"
Add component (AddParameter): Name = "Revision"; Value = "1"; VariantName = "[No Variations]"
Add component (AddParameter): Name = "Supplier"; Value = ""; VariantName = "[No Variations]"
Add component (AddParameter): Name = "Supplier Part #"; Value = ""; VariantName = "[No Variations]"
Add component (AddParameter): Name = "Type"; Value = "Fiducial"; VariantName = "[No Variations]"
Added Component: Designator=J1(PMOD-CONN2X6-RA-TH-HDR)
Add component (AddParameter): Name = "Design Item ID"; Value = "PMOD_6X2_RA_TH_Header"; VariantName = "[No Variations]"
Add component (AddParameter): Name = "Manufacturer 1"; Value = "Wurth"; VariantName = "[No Variations]"
Add component (AddParameter): Name = "Manufacturer 2"; Value = "Samtec Inc."; VariantName = "[No Variations]"
Add component (AddParameter): Name = "Manufacturer 3"; Value = "Harwin"; VariantName = "[No Variations]"
Add component (AddParameter): Name = "Manufacturer Part Number 1"; Value = "61301221021"; VariantName = "[No Variations]"
Add component (AddParameter): Name = "Manufacturer Part Number 2"; Value = "TSW-106-08-F-D-RA"; VariantName = "[No Variations]"
Add component (AddParameter): Name = "Manufacturer Part Number 3"; Value = "M20-9950645"; VariantName = "[No Variations]"
Add component (AddParameter): Name = "Pitch"; Value = "2.54mm"; VariantName = "[No Variations]"
Add component (AddParameter): Name = "Positions"; Value = "12"; VariantName = "[No Variations]"
Add component (AddParameter): Name = "Source"; Value = "PMOD_Conn.SchLib"; VariantName = "[No Variations]"
Added Component: Designator=J2(SAM_FTSH-105-01-L-DV-007-K)
Add component (AddParameter): Name = "Alternate Part #"; Value = ""; VariantName = "[No Variations]"
Add component (AddParameter): Name = "Alternate Part Supplier"; Value = ""; VariantName = "[No Variations]"
Add component (AddParameter): Name = "Assembly Instructions"; Value = ""; VariantName = "[No Variations]"
Add component (AddParameter): Name = "Current Rating"; Value = "3.4A (max. 2 pins)"; VariantName = "[No Variations]"
Add component (AddParameter): Name = "Detailed Description"; Value = "Connector, 2X5 Header, Vertical, 1.27mm Pitch, Pin 7, SM, RoHS"; VariantName = "[No Variations]"
Add component (AddParameter): Name = "Internal Part #"; Value = ""; VariantName = "[No Variations]"
Add component (AddParameter): Name = "Manufacturer"; Value = "Samtec"; VariantName = "[No Variations]"
Add component (AddParameter): Name = "Manufacturer's Part #"; Value = "FTSH-105-01-L-DV-007-K"; VariantName = "[No Variations]"
Add component (AddParameter): Name = "Part"; Value = "FTSH-105-01-L-DV-K-TR"; VariantName = "[No Variations]"
Add component (AddParameter): Name = "Revision"; Value = "1"; VariantName = "[No Variations]"
Add component (AddParameter): Name = "Supplier 1"; Value = "Digi-Key"; VariantName = "[No Variations]"
Add component (AddParameter): Name = "Supplier 2"; Value = "Mouser"; VariantName = "[No Variations]"
Add component (AddParameter): Name = "Supplier Part Number 1"; Value = "SAM9438-ND"; VariantName = "[No Variations]"
Add component (AddParameter): Name = "Supplier Part Number 2"; Value = "200-FTSH10501LDV007K"; VariantName = "[No Variations]"
Add component (AddParameter): Name = "Type"; Value = "Connector"; VariantName = "[No Variations]"
Add component (AddParameter): Name = "Voltage Rating"; Value = ""; VariantName = "[No Variations]"
Added Component: Designator=Q1(SOT95P275X112-3NF)
Add component (AddParameter): Name = "Alternate Part #"; Value = ""; VariantName = "[No Variations]"
Add component (AddParameter): Name = "Alternate Part Supplier"; Value = ""; VariantName = "[No Variations]"
Add component (AddParameter): Name = "Alternate Supplier"; Value = ""; VariantName = "[No Variations]"
Add component (AddParameter): Name = "Alternate Supplier Part #"; Value = ""; VariantName = "[No Variations]"
Add component (AddParameter): Name = "Assembly Instructions"; Value = ""; VariantName = "[No Variations]"
Add component (AddParameter): Name = "Current Rating"; Value = "120mA"; VariantName = "[No Variations]"
Add component (AddParameter): Name = "Detailed Description"; Value = "Transistor, P-Ch Mosfet, 60V, 120mA, 10Ohm, SM, SOT23-3, RoHS"; VariantName = "[No Variations]"
Add component (AddParameter): Name = "Internal Part #"; Value = ""; VariantName = "[No Variations]"
Add component (AddParameter): Name = "Manufacturer"; Value = "On Semiconductor"; VariantName = "[No Variations]"
Add component (AddParameter): Name = "Manufacturer's Part #"; Value = "NDS0610"; VariantName = "[No Variations]"
Add component (AddParameter): Name = "Package"; Value = "SOT23-3"; VariantName = "[No Variations]"
Add component (AddParameter): Name = "Part"; Value = "NDS0610"; VariantName = "[No Variations]"
Add component (AddParameter): Name = "Resistance"; Value = "10Ohm"; VariantName = "[No Variations]"
Add component (AddParameter): Name = "Revision"; Value = "1"; VariantName = "[No Variations]"
Add component (AddParameter): Name = "Supplier 1"; Value = "Digi-Key"; VariantName = "[No Variations]"
Add component (AddParameter): Name = "Supplier 2"; Value = "Newark"; VariantName = "[No Variations]"
Add component (AddParameter): Name = "Supplier 3"; Value = "Mouser"; VariantName = "[No Variations]"
Add component (AddParameter): Name = "Supplier Part Number 1"; Value = "NDS0610CT-ND"; VariantName = "[No Variations]"
Add component (AddParameter): Name = "Supplier Part Number 2"; Value = "58K2015"; VariantName = "[No Variations]"
Add component (AddParameter): Name = "Supplier Part Number 3"; Value = "512-NDS0610"; VariantName = "[No Variations]"
Add component (AddParameter): Name = "Type"; Value = "N-Ch Mosfet"; VariantName = "[No Variations]"
Add component (AddParameter): Name = "Voltage Rating"; Value = "60V"; VariantName = "[No Variations]"
Added Component: Designator=R1(RESC1608X06N)
Add component (AddParameter): Name = "Alternate Part #"; Value = ""; VariantName = "[No Variations]"
Add component (AddParameter): Name = "Alternate Part Supplier"; Value = ""; VariantName = "[No Variations]"
Add component (AddParameter): Name = "Assembly Instructions"; Value = ""; VariantName = "[No Variations]"
Add component (AddParameter): Name = "Current Rating"; Value = ""; VariantName = "[No Variations]"
Add component (AddParameter): Name = "Detailed Description"; Value = "Resistor, 0 ohms, 1/8W, 1%, 100 ppm, SM, 75 WV, 100 OV, Thick Film, 0603, RoHS"; VariantName = "[No Variations]"
Add component (AddParameter): Name = "Internal Part #"; Value = ""; VariantName = "[No Variations]"
Add component (AddParameter): Name = "Manufacturer"; Value = "KOA Speer"; VariantName = "[No Variations]"
Add component (AddParameter): Name = "Manufacturer's Part #"; Value = "RK73Z1JTTD"; VariantName = "[No Variations]"
Add component (AddParameter): Name = "Package"; Value = "0603"; VariantName = "[No Variations]"
Add component (AddParameter): Name = "Part"; Value = "0R"; VariantName = "[No Variations]"
Add component (AddParameter): Name = "Power Rating"; Value = "1/8W"; VariantName = "[No Variations]"
Add component (AddParameter): Name = "Resistance"; Value = "0"; VariantName = "[No Variations]"
Add component (AddParameter): Name = "Revision"; Value = "1"; VariantName = "[No Variations]"
Add component (AddParameter): Name = "Supplier 1"; Value = "Arrow Electronics"; VariantName = "[No Variations]"
Add component (AddParameter): Name = "Supplier 2"; Value = "Digi-Key"; VariantName = "[No Variations]"
Add component (AddParameter): Name = "Supplier 3"; Value = "Mouser"; VariantName = "[No Variations]"
Add component (AddParameter): Name = "Supplier Part Number 1"; Value = "RK73Z1JTTD"; VariantName = "[No Variations]"
Add component (AddParameter): Name = "Supplier Part Number 2"; Value = "2019-RK73Z1JTTDCT-ND"; VariantName = "[No Variations]"
Add component (AddParameter): Name = "Supplier Part Number 3"; Value = "660-RK73Z1JTTD"; VariantName = "[No Variations]"
Add component (AddParameter): Name = "Tolerance"; Value = "1%"; VariantName = "[No Variations]"
Add component (AddParameter): Name = "Type"; Value = "Resistor"; VariantName = "[No Variations]"
Add component (AddParameter): Name = "Voltage Rating"; Value = "75V"; VariantName = "[No Variations]"
Added Component: Designator=R2(RESC1608X06N)
Add component (AddParameter): Name = "Alternate Part #"; Value = ""; VariantName = "[No Variations]"
Add component (AddParameter): Name = "Alternate Part Supplier"; Value = ""; VariantName = "[No Variations]"
Add component (AddParameter): Name = "Assembly Instructions"; Value = ""; VariantName = "[No Variations]"
Add component (AddParameter): Name = "Current Rating"; Value = ""; VariantName = "[No Variations]"
Add component (AddParameter): Name = "Detailed Description"; Value = "Resistor, 47K ohms, 1/8W, 1%, 100 ppm, SM, 75 WV, 100 OV, Thick Film, 0603, RoHS"; VariantName = "[No Variations]"
Add component (AddParameter): Name = "Internal Part #"; Value = ""; VariantName = "[No Variations]"
Add component (AddParameter): Name = "Manufacturer"; Value = "KOA Speer"; VariantName = "[No Variations]"
Add component (AddParameter): Name = "Manufacturer's Part #"; Value = "RK73H1JTTD6802F"; VariantName = "[No Variations]"
Add component (AddParameter): Name = "Package"; Value = "0603"; VariantName = "[No Variations]"
Add component (AddParameter): Name = "Part"; Value = "47K"; VariantName = "[No Variations]"
Add component (AddParameter): Name = "Power Rating"; Value = "1/8W"; VariantName = "[No Variations]"
Add component (AddParameter): Name = "Resistance"; Value = "47K"; VariantName = "[No Variations]"
Add component (AddParameter): Name = "Revision"; Value = "1"; VariantName = "[No Variations]"
Add component (AddParameter): Name = "Supplier 1"; Value = "Digi-Key"; VariantName = "[No Variations]"
Add component (AddParameter): Name = "Supplier 2"; Value = "Mouser"; VariantName = "[No Variations]"
Add component (AddParameter): Name = "Supplier 3"; Value = "Arrow Electronics"; VariantName = "[No Variations]"
Add component (AddParameter): Name = "Supplier Part Number 1"; Value = "2019-RK73H1JTTD6802FCT-ND"; VariantName = "[No Variations]"
Add component (AddParameter): Name = "Supplier Part Number 2"; Value = "660-RK73H1JTTD6802F"; VariantName = "[No Variations]"
Add component (AddParameter): Name = "Supplier Part Number 3"; Value = "RK73H1JTTD6802F"; VariantName = "[No Variations]"
Add component (AddParameter): Name = "Tolerance"; Value = "1%"; VariantName = "[No Variations]"
Add component (AddParameter): Name = "Type"; Value = "Resistor"; VariantName = "[No Variations]"
Add component (AddParameter): Name = "Voltage Rating"; Value = "75V"; VariantName = "[No Variations]"
Added Component: Designator=R3(RESC1608X06N)
Add component (AddParameter): Name = "Alternate Part #"; Value = ""; VariantName = "[No Variations]"
Add component (AddParameter): Name = "Alternate Part Supplier"; Value = ""; VariantName = "[No Variations]"
Add component (AddParameter): Name = "Assembly Instructions"; Value = ""; VariantName = "[No Variations]"
Add component (AddParameter): Name = "Current Rating"; Value = ""; VariantName = "[No Variations]"
Add component (AddParameter): Name = "Detailed Description"; Value = "Resistor, 4.7K ohms, 1/8W, 1%, 100 ppm, SM, 75 WV, 100 OV, Thick Film, 0603, RoHS"; VariantName = "[No Variations]"
Add component (AddParameter): Name = "Internal Part #"; Value = ""; VariantName = "[No Variations]"
Add component (AddParameter): Name = "Manufacturer"; Value = "KOA Speer"; VariantName = "[No Variations]"
Add component (AddParameter): Name = "Manufacturer's Part #"; Value = "RK73H1JTTD4701F"; VariantName = "[No Variations]"
Add component (AddParameter): Name = "Package"; Value = "0603"; VariantName = "[No Variations]"
Add component (AddParameter): Name = "Part"; Value = "4K7"; VariantName = "[No Variations]"
Add component (AddParameter): Name = "Power Rating"; Value = "1/8W"; VariantName = "[No Variations]"
Add component (AddParameter): Name = "Resistance"; Value = "4.7K"; VariantName = "[No Variations]"
Add component (AddParameter): Name = "Revision"; Value = "1"; VariantName = "[No Variations]"
Add component (AddParameter): Name = "Supplier 1"; Value = "Digi-Key"; VariantName = "[No Variations]"
Add component (AddParameter): Name = "Supplier 2"; Value = "Mouser"; VariantName = "[No Variations]"
Add component (AddParameter): Name = "Supplier Part Number 1"; Value = "2019-RK73H1JTTD4701FCT-ND"; VariantName = "[No Variations]"
Add component (AddParameter): Name = "Supplier Part Number 2"; Value = "660-RK73H1JTTD4701F"; VariantName = "[No Variations]"
Add component (AddParameter): Name = "Tolerance"; Value = "1%"; VariantName = "[No Variations]"
Add component (AddParameter): Name = "Type"; Value = "Resistor"; VariantName = "[No Variations]"
Add component (AddParameter): Name = "Voltage Rating"; Value = "75V"; VariantName = "[No Variations]"
Added Component: Designator=R4(RESC1608X06N)
Add component (AddParameter): Name = "Alternate Part #"; Value = ""; VariantName = "[No Variations]"
Add component (AddParameter): Name = "Alternate Part Supplier"; Value = ""; VariantName = "[No Variations]"
Add component (AddParameter): Name = "Assembly Instructions"; Value = ""; VariantName = "[No Variations]"
Add component (AddParameter): Name = "Current Rating"; Value = ""; VariantName = "[No Variations]"
Add component (AddParameter): Name = "Detailed Description"; Value = "Resistor, 649 ohms, 1/8W, 1%, 100 ppm, SM, 75 WV, 100 OV, Thick Film, 0603, RoHS"; VariantName = "[No Variations]"
Add component (AddParameter): Name = "Internal Part #"; Value = ""; VariantName = "[No Variations]"
Add component (AddParameter): Name = "Manufacturer"; Value = "KOA Speer"; VariantName = "[No Variations]"
Add component (AddParameter): Name = "Manufacturer's Part #"; Value = "RK73H1JTTD6490F"; VariantName = "[No Variations]"
Add component (AddParameter): Name = "Package"; Value = "0603"; VariantName = "[No Variations]"
Add component (AddParameter): Name = "Part"; Value = "649R"; VariantName = "[No Variations]"
Add component (AddParameter): Name = "Power Rating"; Value = "1/8W"; VariantName = "[No Variations]"
Add component (AddParameter): Name = "Resistance"; Value = "649"; VariantName = "[No Variations]"
Add component (AddParameter): Name = "Revision"; Value = "1"; VariantName = "[No Variations]"
Add component (AddParameter): Name = "Supplier 1"; Value = "Digi-Key"; VariantName = "[No Variations]"
Add component (AddParameter): Name = "Supplier 2"; Value = "Mouser"; VariantName = "[No Variations]"
Add component (AddParameter): Name = "Supplier 3"; Value = "Arrow Electronics"; VariantName = "[No Variations]"
Add component (AddParameter): Name = "Supplier Part Number 1"; Value = "2019-RK73H1JTTD6490FCT-ND"; VariantName = "[No Variations]"
Add component (AddParameter): Name = "Supplier Part Number 2"; Value = "660-RK73H1JTTD6490F"; VariantName = "[No Variations]"
Add component (AddParameter): Name = "Supplier Part Number 3"; Value = "RK73H1JTTD6490F"; VariantName = "[No Variations]"
Add component (AddParameter): Name = "Tolerance"; Value = "1%"; VariantName = "[No Variations]"
Add component (AddParameter): Name = "Type"; Value = "Resistor"; VariantName = "[No Variations]"
Add component (AddParameter): Name = "Voltage Rating"; Value = "75V"; VariantName = "[No Variations]"
Added Component: Designator=R5(RESC1608X06N)
Add component (AddParameter): Name = "Alternate Part #"; Value = ""; VariantName = "[No Variations]"
Add component (AddParameter): Name = "Alternate Part Supplier"; Value = ""; VariantName = "[No Variations]"
Add component (AddParameter): Name = "Assembly Instructions"; Value = ""; VariantName = "[No Variations]"
Add component (AddParameter): Name = "Current Rating"; Value = ""; VariantName = "[No Variations]"
Add component (AddParameter): Name = "Detailed Description"; Value = "Resistor, 22 ohms, 1/8W, 1%, 100 ppm, SM, 75 WV, 100 OV, Thick Film, 0603, RoHS"; VariantName = "[No Variations]"
Add component (AddParameter): Name = "Internal Part #"; Value = ""; VariantName = "[No Variations]"
Add component (AddParameter): Name = "Manufacturer"; Value = "KOA Speer"; VariantName = "[No Variations]"
Add component (AddParameter): Name = "Manufacturer's Part #"; Value = "RK73H1JTTD22R0F"; VariantName = "[No Variations]"
Add component (AddParameter): Name = "Package"; Value = "0603"; VariantName = "[No Variations]"
Add component (AddParameter): Name = "Part"; Value = "22R"; VariantName = "[No Variations]"
Add component (AddParameter): Name = "Power Rating"; Value = "1/8W"; VariantName = "[No Variations]"
Add component (AddParameter): Name = "Resistance"; Value = "22"; VariantName = "[No Variations]"
Add component (AddParameter): Name = "Revision"; Value = "1"; VariantName = "[No Variations]"
Add component (AddParameter): Name = "Supplier 1"; Value = "Digi-Key"; VariantName = "[No Variations]"
Add component (AddParameter): Name = "Supplier 2"; Value = "Arrow Electronics"; VariantName = "[No Variations]"
Add component (AddParameter): Name = "Supplier 3"; Value = "Mouser"; VariantName = "[No Variations]"
Add component (AddParameter): Name = "Supplier Part Number 1"; Value = "2019-RK73H1JTTD22R0FCT-ND"; VariantName = "[No Variations]"
Add component (AddParameter): Name = "Supplier Part Number 2"; Value = "RK73H1JTTD22R0F"; VariantName = "[No Variations]"
Add component (AddParameter): Name = "Supplier Part Number 3"; Value = "660-RK73H1JTTD22R0F"; VariantName = "[No Variations]"
Add component (AddParameter): Name = "Tolerance"; Value = "1%"; VariantName = "[No Variations]"
Add component (AddParameter): Name = "Type"; Value = "Resistor"; VariantName = "[No Variations]"
Add component (AddParameter): Name = "Voltage Rating"; Value = "75V"; VariantName = "[No Variations]"
Added Component: Designator=R6(RESC1608X06N)
Add component (AddParameter): Name = "Alternate Part #"; Value = ""; VariantName = "[No Variations]"
Add component (AddParameter): Name = "Alternate Part Supplier"; Value = ""; VariantName = "[No Variations]"
Add component (AddParameter): Name = "Assembly Instructions"; Value = ""; VariantName = "[No Variations]"
Add component (AddParameter): Name = "Current Rating"; Value = ""; VariantName = "[No Variations]"
Add component (AddParameter): Name = "Detailed Description"; Value = "Resistor, 22 ohms, 1/8W, 1%, 100 ppm, SM, 75 WV, 100 OV, Thick Film, 0603, RoHS"; VariantName = "[No Variations]"
Add component (AddParameter): Name = "Internal Part #"; Value = ""; VariantName = "[No Variations]"
Add component (AddParameter): Name = "Manufacturer"; Value = "KOA Speer"; VariantName = "[No Variations]"
Add component (AddParameter): Name = "Manufacturer's Part #"; Value = "RK73H1JTTD22R0F"; VariantName = "[No Variations]"
Add component (AddParameter): Name = "Package"; Value = "0603"; VariantName = "[No Variations]"
Add component (AddParameter): Name = "Part"; Value = "22R"; VariantName = "[No Variations]"
Add component (AddParameter): Name = "Power Rating"; Value = "1/8W"; VariantName = "[No Variations]"
Add component (AddParameter): Name = "Resistance"; Value = "22"; VariantName = "[No Variations]"
Add component (AddParameter): Name = "Revision"; Value = "1"; VariantName = "[No Variations]"
Add component (AddParameter): Name = "Supplier 1"; Value = "Digi-Key"; VariantName = "[No Variations]"
Add component (AddParameter): Name = "Supplier 2"; Value = "Arrow Electronics"; VariantName = "[No Variations]"
Add component (AddParameter): Name = "Supplier 3"; Value = "Mouser"; VariantName = "[No Variations]"
Add component (AddParameter): Name = "Supplier Part Number 1"; Value = "2019-RK73H1JTTD22R0FCT-ND"; VariantName = "[No Variations]"
Add component (AddParameter): Name = "Supplier Part Number 2"; Value = "RK73H1JTTD22R0F"; VariantName = "[No Variations]"
Add component (AddParameter): Name = "Supplier Part Number 3"; Value = "660-RK73H1JTTD22R0F"; VariantName = "[No Variations]"
Add component (AddParameter): Name = "Tolerance"; Value = "1%"; VariantName = "[No Variations]"
Add component (AddParameter): Name = "Type"; Value = "Resistor"; VariantName = "[No Variations]"
Add component (AddParameter): Name = "Voltage Rating"; Value = "75V"; VariantName = "[No Variations]"
Added Component: Designator=R7(RESC0603-01)
Add component (AddParameter): Name = "Case/Package"; Value = "0603"; VariantName = "[No Variations]"
Add component (AddParameter): Name = "Component Type"; Value = "Standard"; VariantName = "[No Variations]"
Add component (AddParameter): Name = "Design Item ID"; Value = "RES-100096-01"; VariantName = "[No Variations]"
Add component (AddParameter): Name = "Manufacturer"; Value = "Vishay Dale"; VariantName = "[No Variations]"
Add component (AddParameter): Name = "Manufacturer 1"; Value = "Vishay Dale"; VariantName = "[No Variations]"
Add component (AddParameter): Name = "Manufacturer Part Number 1"; Value = "CRCW06031K00FKEAC"; VariantName = "[No Variations]"
Add component (AddParameter): Name = "Mfg"; Value = "Vishay Dale"; VariantName = "[No Variations]"
Add component (AddParameter): Name = "Mfg Part Number"; Value = "CRCW06031K00FKEAC"; VariantName = "[No Variations]"
Add component (AddParameter): Name = "Package"; Value = ""; VariantName = "[No Variations]"
Add component (AddParameter): Name = "Pins"; Value = "2"; VariantName = "[No Variations]"
Add component (AddParameter): Name = "PN"; Value = "CRCW06031K00FKEAC"; VariantName = "[No Variations]"
Add component (AddParameter): Name = "Power"; Value = "100mW"; VariantName = "[No Variations]"
Add component (AddParameter): Name = "Resistance"; Value = ""; VariantName = "[No Variations]"
Add component (AddParameter): Name = "Source"; Value = "AME-MPU-RZA3UL_v1.SCHLIB"; VariantName = "[No Variations]"
Add component (AddParameter): Name = "Tolerance"; Value = "1%"; VariantName = "[No Variations]"
Add component (AddParameter): Name = "Value"; Value = "1k"; VariantName = "[No Variations]"
Added Component: Designator=R8(RESC1608X06N)
Add component (AddParameter): Name = "Alternate Part #"; Value = ""; VariantName = "[No Variations]"
Add component (AddParameter): Name = "Alternate Part Supplier"; Value = ""; VariantName = "[No Variations]"
Add component (AddParameter): Name = "Assembly Instructions"; Value = ""; VariantName = "[No Variations]"
Add component (AddParameter): Name = "Current Rating"; Value = ""; VariantName = "[No Variations]"
Add component (AddParameter): Name = "Detailed Description"; Value = "Resistor, 0 ohms, 1/8W, 1%, 100 ppm, SM, 75 WV, 100 OV, Thick Film, 0603, RoHS"; VariantName = "[No Variations]"
Add component (AddParameter): Name = "Internal Part #"; Value = ""; VariantName = "[No Variations]"
Add component (AddParameter): Name = "Manufacturer"; Value = "KOA Speer"; VariantName = "[No Variations]"
Add component (AddParameter): Name = "Manufacturer's Part #"; Value = "RK73Z1JTTD"; VariantName = "[No Variations]"
Add component (AddParameter): Name = "Package"; Value = "0603"; VariantName = "[No Variations]"
Add component (AddParameter): Name = "Part"; Value = "0R"; VariantName = "[No Variations]"
Add component (AddParameter): Name = "Power Rating"; Value = "1/8W"; VariantName = "[No Variations]"
Add component (AddParameter): Name = "Resistance"; Value = "0"; VariantName = "[No Variations]"
Add component (AddParameter): Name = "Revision"; Value = "1"; VariantName = "[No Variations]"
Add component (AddParameter): Name = "Supplier 1"; Value = "Arrow Electronics"; VariantName = "[No Variations]"
Add component (AddParameter): Name = "Supplier 2"; Value = "Digi-Key"; VariantName = "[No Variations]"
Add component (AddParameter): Name = "Supplier 3"; Value = "Mouser"; VariantName = "[No Variations]"
Add component (AddParameter): Name = "Supplier Part Number 1"; Value = "RK73Z1JTTD"; VariantName = "[No Variations]"
Add component (AddParameter): Name = "Supplier Part Number 2"; Value = "2019-RK73Z1JTTDCT-ND"; VariantName = "[No Variations]"
Add component (AddParameter): Name = "Supplier Part Number 3"; Value = "660-RK73Z1JTTD"; VariantName = "[No Variations]"
Add component (AddParameter): Name = "Tolerance"; Value = "1%"; VariantName = "[No Variations]"
Add component (AddParameter): Name = "Type"; Value = "Resistor"; VariantName = "[No Variations]"
Add component (AddParameter): Name = "Voltage Rating"; Value = "75V"; VariantName = "[No Variations]"
Added Component: Designator=R9(RESC1608X06N)
Add component (AddParameter): Name = "Alternate Part #"; Value = ""; VariantName = "[No Variations]"
Add component (AddParameter): Name = "Alternate Part Supplier"; Value = ""; VariantName = "[No Variations]"
Add component (AddParameter): Name = "Assembly Instructions"; Value = ""; VariantName = "[No Variations]"
Add component (AddParameter): Name = "Current Rating"; Value = ""; VariantName = "[No Variations]"
Add component (AddParameter): Name = "Detailed Description"; Value = "Resistor, 0 ohms, 1/8W, 1%, 100 ppm, SM, 75 WV, 100 OV, Thick Film, 0603, RoHS"; VariantName = "[No Variations]"
Add component (AddParameter): Name = "Internal Part #"; Value = ""; VariantName = "[No Variations]"
Add component (AddParameter): Name = "Manufacturer"; Value = "KOA Speer"; VariantName = "[No Variations]"
Add component (AddParameter): Name = "Manufacturer's Part #"; Value = "RK73Z1JTTD"; VariantName = "[No Variations]"
Add component (AddParameter): Name = "Package"; Value = "0603"; VariantName = "[No Variations]"
Add component (AddParameter): Name = "Part"; Value = "0R"; VariantName = "[No Variations]"
Add component (AddParameter): Name = "Power Rating"; Value = "1/8W"; VariantName = "[No Variations]"
Add component (AddParameter): Name = "Resistance"; Value = "0"; VariantName = "[No Variations]"
Add component (AddParameter): Name = "Revision"; Value = "1"; VariantName = "[No Variations]"
Add component (AddParameter): Name = "Supplier 1"; Value = "Arrow Electronics"; VariantName = "[No Variations]"
Add component (AddParameter): Name = "Supplier 2"; Value = "Digi-Key"; VariantName = "[No Variations]"
Add component (AddParameter): Name = "Supplier 3"; Value = "Mouser"; VariantName = "[No Variations]"
Add component (AddParameter): Name = "Supplier Part Number 1"; Value = "RK73Z1JTTD"; VariantName = "[No Variations]"
Add component (AddParameter): Name = "Supplier Part Number 2"; Value = "2019-RK73Z1JTTDCT-ND"; VariantName = "[No Variations]"
Add component (AddParameter): Name = "Supplier Part Number 3"; Value = "660-RK73Z1JTTD"; VariantName = "[No Variations]"
Add component (AddParameter): Name = "Tolerance"; Value = "1%"; VariantName = "[No Variations]"
Add component (AddParameter): Name = "Type"; Value = "Resistor"; VariantName = "[No Variations]"
Add component (AddParameter): Name = "Voltage Rating"; Value = "75V"; VariantName = "[No Variations]"
Added Component: Designator=R10(RESC1608X06N)
Add component (AddParameter): Name = "Alternate Part #"; Value = ""; VariantName = "[No Variations]"
Add component (AddParameter): Name = "Alternate Part Supplier"; Value = ""; VariantName = "[No Variations]"
Add component (AddParameter): Name = "Assembly Instructions"; Value = ""; VariantName = "[No Variations]"
Add component (AddParameter): Name = "Current Rating"; Value = ""; VariantName = "[No Variations]"
Add component (AddParameter): Name = "Detailed Description"; Value = "Resistor, 0 ohms, 1/8W, 1%, 100 ppm, SM, 75 WV, 100 OV, Thick Film, 0603, RoHS"; VariantName = "[No Variations]"
Add component (AddParameter): Name = "Internal Part #"; Value = ""; VariantName = "[No Variations]"
Add component (AddParameter): Name = "Manufacturer"; Value = "KOA Speer"; VariantName = "[No Variations]"
Add component (AddParameter): Name = "Manufacturer's Part #"; Value = "RK73Z1JTTD"; VariantName = "[No Variations]"
Add component (AddParameter): Name = "Package"; Value = "0603"; VariantName = "[No Variations]"
Add component (AddParameter): Name = "Part"; Value = "0R"; VariantName = "[No Variations]"
Add component (AddParameter): Name = "Power Rating"; Value = "1/8W"; VariantName = "[No Variations]"
Add component (AddParameter): Name = "Resistance"; Value = "0"; VariantName = "[No Variations]"
Add component (AddParameter): Name = "Revision"; Value = "1"; VariantName = "[No Variations]"
Add component (AddParameter): Name = "Supplier 1"; Value = "Arrow Electronics"; VariantName = "[No Variations]"
Add component (AddParameter): Name = "Supplier 2"; Value = "Digi-Key"; VariantName = "[No Variations]"
Add component (AddParameter): Name = "Supplier 3"; Value = "Mouser"; VariantName = "[No Variations]"
Add component (AddParameter): Name = "Supplier Part Number 1"; Value = "RK73Z1JTTD"; VariantName = "[No Variations]"
Add component (AddParameter): Name = "Supplier Part Number 2"; Value = "2019-RK73Z1JTTDCT-ND"; VariantName = "[No Variations]"
Add component (AddParameter): Name = "Supplier Part Number 3"; Value = "660-RK73Z1JTTD"; VariantName = "[No Variations]"
Add component (AddParameter): Name = "Tolerance"; Value = "1%"; VariantName = "[No Variations]"
Add component (AddParameter): Name = "Type"; Value = "Resistor"; VariantName = "[No Variations]"
Add component (AddParameter): Name = "Voltage Rating"; Value = "75V"; VariantName = "[No Variations]"
Added Component: Designator=R11(RESC1608X06N)
Add component (AddParameter): Name = "Alternate Part #"; Value = ""; VariantName = "[No Variations]"
Add component (AddParameter): Name = "Alternate Part Supplier"; Value = ""; VariantName = "[No Variations]"
Add component (AddParameter): Name = "Assembly Instructions"; Value = ""; VariantName = "[No Variations]"
Add component (AddParameter): Name = "Current Rating"; Value = ""; VariantName = "[No Variations]"
Add component (AddParameter): Name = "Detailed Description"; Value = "Resistor, 0 ohms, 1/8W, 1%, 100 ppm, SM, 75 WV, 100 OV, Thick Film, 0603, RoHS"; VariantName = "[No Variations]"
Add component (AddParameter): Name = "Internal Part #"; Value = ""; VariantName = "[No Variations]"
Add component (AddParameter): Name = "Manufacturer"; Value = "KOA Speer"; VariantName = "[No Variations]"
Add component (AddParameter): Name = "Manufacturer's Part #"; Value = "RK73Z1JTTD"; VariantName = "[No Variations]"
Add component (AddParameter): Name = "Package"; Value = "0603"; VariantName = "[No Variations]"
Add component (AddParameter): Name = "Part"; Value = "0R"; VariantName = "[No Variations]"
Add component (AddParameter): Name = "Power Rating"; Value = "1/8W"; VariantName = "[No Variations]"
Add component (AddParameter): Name = "Resistance"; Value = "0"; VariantName = "[No Variations]"
Add component (AddParameter): Name = "Revision"; Value = "1"; VariantName = "[No Variations]"
Add component (AddParameter): Name = "Supplier 1"; Value = "Arrow Electronics"; VariantName = "[No Variations]"
Add component (AddParameter): Name = "Supplier 2"; Value = "Digi-Key"; VariantName = "[No Variations]"
Add component (AddParameter): Name = "Supplier 3"; Value = "Mouser"; VariantName = "[No Variations]"
Add component (AddParameter): Name = "Supplier Part Number 1"; Value = "RK73Z1JTTD"; VariantName = "[No Variations]"
Add component (AddParameter): Name = "Supplier Part Number 2"; Value = "2019-RK73Z1JTTDCT-ND"; VariantName = "[No Variations]"
Add component (AddParameter): Name = "Supplier Part Number 3"; Value = "660-RK73Z1JTTD"; VariantName = "[No Variations]"
Add component (AddParameter): Name = "Tolerance"; Value = "1%"; VariantName = "[No Variations]"
Add component (AddParameter): Name = "Type"; Value = "Resistor"; VariantName = "[No Variations]"
Add component (AddParameter): Name = "Voltage Rating"; Value = "75V"; VariantName = "[No Variations]"
Added Component: Designator=R12(RESC1608X06N)
Add component (AddParameter): Name = "Alternate Part #"; Value = ""; VariantName = "[No Variations]"
Add component (AddParameter): Name = "Alternate Part Supplier"; Value = ""; VariantName = "[No Variations]"
Add component (AddParameter): Name = "Assembly Instructions"; Value = ""; VariantName = "[No Variations]"
Add component (AddParameter): Name = "Current Rating"; Value = ""; VariantName = "[No Variations]"
Add component (AddParameter): Name = "Detailed Description"; Value = "Resistor, 0 ohms, 1/8W, 1%, 100 ppm, SM, 75 WV, 100 OV, Thick Film, 0603, RoHS"; VariantName = "[No Variations]"
Add component (AddParameter): Name = "Internal Part #"; Value = ""; VariantName = "[No Variations]"
Add component (AddParameter): Name = "Manufacturer"; Value = "KOA Speer"; VariantName = "[No Variations]"
Add component (AddParameter): Name = "Manufacturer's Part #"; Value = "RK73Z1JTTD"; VariantName = "[No Variations]"
Add component (AddParameter): Name = "Package"; Value = "0603"; VariantName = "[No Variations]"
Add component (AddParameter): Name = "Part"; Value = "0R"; VariantName = "[No Variations]"
Add component (AddParameter): Name = "Power Rating"; Value = "1/8W"; VariantName = "[No Variations]"
Add component (AddParameter): Name = "Resistance"; Value = "0"; VariantName = "[No Variations]"
Add component (AddParameter): Name = "Revision"; Value = "1"; VariantName = "[No Variations]"
Add component (AddParameter): Name = "Supplier 1"; Value = "Arrow Electronics"; VariantName = "[No Variations]"
Add component (AddParameter): Name = "Supplier 2"; Value = "Digi-Key"; VariantName = "[No Variations]"
Add component (AddParameter): Name = "Supplier 3"; Value = "Mouser"; VariantName = "[No Variations]"
Add component (AddParameter): Name = "Supplier Part Number 1"; Value = "RK73Z1JTTD"; VariantName = "[No Variations]"
Add component (AddParameter): Name = "Supplier Part Number 2"; Value = "2019-RK73Z1JTTDCT-ND"; VariantName = "[No Variations]"
Add component (AddParameter): Name = "Supplier Part Number 3"; Value = "660-RK73Z1JTTD"; VariantName = "[No Variations]"
Add component (AddParameter): Name = "Tolerance"; Value = "1%"; VariantName = "[No Variations]"
Add component (AddParameter): Name = "Type"; Value = "Resistor"; VariantName = "[No Variations]"
Add component (AddParameter): Name = "Voltage Rating"; Value = "75V"; VariantName = "[No Variations]"
Added Component: Designator=R13(RESC1608X06N)
Add component (AddParameter): Name = "Alternate Part #"; Value = ""; VariantName = "[No Variations]"
Add component (AddParameter): Name = "Alternate Part Supplier"; Value = ""; VariantName = "[No Variations]"
Add component (AddParameter): Name = "Assembly Instructions"; Value = ""; VariantName = "[No Variations]"
Add component (AddParameter): Name = "Current Rating"; Value = ""; VariantName = "[No Variations]"
Add component (AddParameter): Name = "Detailed Description"; Value = "Resistor, 0 ohms, 1/8W, 1%, 100 ppm, SM, 75 WV, 100 OV, Thick Film, 0603, RoHS"; VariantName = "[No Variations]"
Add component (AddParameter): Name = "Internal Part #"; Value = ""; VariantName = "[No Variations]"
Add component (AddParameter): Name = "Manufacturer"; Value = "KOA Speer"; VariantName = "[No Variations]"
Add component (AddParameter): Name = "Manufacturer's Part #"; Value = "RK73Z1JTTD"; VariantName = "[No Variations]"
Add component (AddParameter): Name = "Package"; Value = "0603"; VariantName = "[No Variations]"
Add component (AddParameter): Name = "Part"; Value = "0R"; VariantName = "[No Variations]"
Add component (AddParameter): Name = "Power Rating"; Value = "1/8W"; VariantName = "[No Variations]"
Add component (AddParameter): Name = "Resistance"; Value = "0"; VariantName = "[No Variations]"
Add component (AddParameter): Name = "Revision"; Value = "1"; VariantName = "[No Variations]"
Add component (AddParameter): Name = "Supplier 1"; Value = "Arrow Electronics"; VariantName = "[No Variations]"
Add component (AddParameter): Name = "Supplier 2"; Value = "Digi-Key"; VariantName = "[No Variations]"
Add component (AddParameter): Name = "Supplier 3"; Value = "Mouser"; VariantName = "[No Variations]"
Add component (AddParameter): Name = "Supplier Part Number 1"; Value = "RK73Z1JTTD"; VariantName = "[No Variations]"
Add component (AddParameter): Name = "Supplier Part Number 2"; Value = "2019-RK73Z1JTTDCT-ND"; VariantName = "[No Variations]"
Add component (AddParameter): Name = "Supplier Part Number 3"; Value = "660-RK73Z1JTTD"; VariantName = "[No Variations]"
Add component (AddParameter): Name = "Tolerance"; Value = "1%"; VariantName = "[No Variations]"
Add component (AddParameter): Name = "Type"; Value = "Resistor"; VariantName = "[No Variations]"
Add component (AddParameter): Name = "Voltage Rating"; Value = "75V"; VariantName = "[No Variations]"
Added Component: Designator=R14(RESC1608X06N)
Add component (AddParameter): Name = "Alternate Part #"; Value = ""; VariantName = "[No Variations]"
Add component (AddParameter): Name = "Alternate Part Supplier"; Value = ""; VariantName = "[No Variations]"
Add component (AddParameter): Name = "Assembly Instructions"; Value = ""; VariantName = "[No Variations]"
Add component (AddParameter): Name = "Current Rating"; Value = ""; VariantName = "[No Variations]"
Add component (AddParameter): Name = "Detailed Description"; Value = "Resistor, 0 ohms, 1/8W, 1%, 100 ppm, SM, 75 WV, 100 OV, Thick Film, 0603, RoHS"; VariantName = "[No Variations]"
Add component (AddParameter): Name = "Internal Part #"; Value = ""; VariantName = "[No Variations]"
Add component (AddParameter): Name = "Manufacturer"; Value = "KOA Speer"; VariantName = "[No Variations]"
Add component (AddParameter): Name = "Manufacturer's Part #"; Value = "RK73Z1JTTD"; VariantName = "[No Variations]"
Add component (AddParameter): Name = "Package"; Value = "0603"; VariantName = "[No Variations]"
Add component (AddParameter): Name = "Part"; Value = "0R"; VariantName = "[No Variations]"
Add component (AddParameter): Name = "Power Rating"; Value = "1/8W"; VariantName = "[No Variations]"
Add component (AddParameter): Name = "Resistance"; Value = "0"; VariantName = "[No Variations]"
Add component (AddParameter): Name = "Revision"; Value = "1"; VariantName = "[No Variations]"
Add component (AddParameter): Name = "Supplier 1"; Value = "Arrow Electronics"; VariantName = "[No Variations]"
Add component (AddParameter): Name = "Supplier 2"; Value = "Digi-Key"; VariantName = "[No Variations]"
Add component (AddParameter): Name = "Supplier 3"; Value = "Mouser"; VariantName = "[No Variations]"
Add component (AddParameter): Name = "Supplier Part Number 1"; Value = "RK73Z1JTTD"; VariantName = "[No Variations]"
Add component (AddParameter): Name = "Supplier Part Number 2"; Value = "2019-RK73Z1JTTDCT-ND"; VariantName = "[No Variations]"
Add component (AddParameter): Name = "Supplier Part Number 3"; Value = "660-RK73Z1JTTD"; VariantName = "[No Variations]"
Add component (AddParameter): Name = "Tolerance"; Value = "1%"; VariantName = "[No Variations]"
Add component (AddParameter): Name = "Type"; Value = "Resistor"; VariantName = "[No Variations]"
Add component (AddParameter): Name = "Voltage Rating"; Value = "75V"; VariantName = "[No Variations]"
Added Component: Designator=R15(RESC1608X06N)
Add component (AddParameter): Name = "Alternate Part #"; Value = ""; VariantName = "[No Variations]"
Add component (AddParameter): Name = "Alternate Part Supplier"; Value = ""; VariantName = "[No Variations]"
Add component (AddParameter): Name = "Assembly Instructions"; Value = ""; VariantName = "[No Variations]"
Add component (AddParameter): Name = "Current Rating"; Value = ""; VariantName = "[No Variations]"
Add component (AddParameter): Name = "Detailed Description"; Value = "Resistor, 0 ohms, 1/8W, 1%, 100 ppm, SM, 75 WV, 100 OV, Thick Film, 0603, RoHS"; VariantName = "[No Variations]"
Add component (AddParameter): Name = "Internal Part #"; Value = ""; VariantName = "[No Variations]"
Add component (AddParameter): Name = "Manufacturer"; Value = "KOA Speer"; VariantName = "[No Variations]"
Add component (AddParameter): Name = "Manufacturer's Part #"; Value = "RK73Z1JTTD"; VariantName = "[No Variations]"
Add component (AddParameter): Name = "Package"; Value = "0603"; VariantName = "[No Variations]"
Add component (AddParameter): Name = "Part"; Value = "0R"; VariantName = "[No Variations]"
Add component (AddParameter): Name = "Power Rating"; Value = "1/8W"; VariantName = "[No Variations]"
Add component (AddParameter): Name = "Resistance"; Value = "0"; VariantName = "[No Variations]"
Add component (AddParameter): Name = "Revision"; Value = "1"; VariantName = "[No Variations]"
Add component (AddParameter): Name = "Supplier 1"; Value = "Arrow Electronics"; VariantName = "[No Variations]"
Add component (AddParameter): Name = "Supplier 2"; Value = "Digi-Key"; VariantName = "[No Variations]"
Add component (AddParameter): Name = "Supplier 3"; Value = "Mouser"; VariantName = "[No Variations]"
Add component (AddParameter): Name = "Supplier Part Number 1"; Value = "RK73Z1JTTD"; VariantName = "[No Variations]"
Add component (AddParameter): Name = "Supplier Part Number 2"; Value = "2019-RK73Z1JTTDCT-ND"; VariantName = "[No Variations]"
Add component (AddParameter): Name = "Supplier Part Number 3"; Value = "660-RK73Z1JTTD"; VariantName = "[No Variations]"
Add component (AddParameter): Name = "Tolerance"; Value = "1%"; VariantName = "[No Variations]"
Add component (AddParameter): Name = "Type"; Value = "Resistor"; VariantName = "[No Variations]"
Add component (AddParameter): Name = "Voltage Rating"; Value = "75V"; VariantName = "[No Variations]"
Added Component: Designator=R16(RESC1608X06N)
Add component (AddParameter): Name = "Alternate Part #"; Value = ""; VariantName = "[No Variations]"
Add component (AddParameter): Name = "Alternate Part Supplier"; Value = ""; VariantName = "[No Variations]"
Add component (AddParameter): Name = "Assembly Instructions"; Value = ""; VariantName = "[No Variations]"
Add component (AddParameter): Name = "Current Rating"; Value = ""; VariantName = "[No Variations]"
Add component (AddParameter): Name = "Detailed Description"; Value = "Resistor, 4.7K ohms, 1/8W, 1%, 100 ppm, SM, 75 WV, 100 OV, Thick Film, 0603, RoHS"; VariantName = "[No Variations]"
Add component (AddParameter): Name = "Internal Part #"; Value = ""; VariantName = "[No Variations]"
Add component (AddParameter): Name = "Manufacturer"; Value = "KOA Speer"; VariantName = "[No Variations]"
Add component (AddParameter): Name = "Manufacturer's Part #"; Value = "RK73H1JTTD4701F"; VariantName = "[No Variations]"
Add component (AddParameter): Name = "Package"; Value = "0603"; VariantName = "[No Variations]"
Add component (AddParameter): Name = "Part"; Value = "4K7"; VariantName = "[No Variations]"
Add component (AddParameter): Name = "Power Rating"; Value = "1/8W"; VariantName = "[No Variations]"
Add component (AddParameter): Name = "Resistance"; Value = "4.7K"; VariantName = "[No Variations]"
Add component (AddParameter): Name = "Revision"; Value = "1"; VariantName = "[No Variations]"
Add component (AddParameter): Name = "Supplier 1"; Value = "Digi-Key"; VariantName = "[No Variations]"
Add component (AddParameter): Name = "Supplier 2"; Value = "Mouser"; VariantName = "[No Variations]"
Add component (AddParameter): Name = "Supplier Part Number 1"; Value = "2019-RK73H1JTTD4701FCT-ND"; VariantName = "[No Variations]"
Add component (AddParameter): Name = "Supplier Part Number 2"; Value = "660-RK73H1JTTD4701F"; VariantName = "[No Variations]"
Add component (AddParameter): Name = "Tolerance"; Value = "1%"; VariantName = "[No Variations]"
Add component (AddParameter): Name = "Type"; Value = "Resistor"; VariantName = "[No Variations]"
Add component (AddParameter): Name = "Voltage Rating"; Value = "75V"; VariantName = "[No Variations]"
Added Component: Designator=R17(RESC1608X06N)
Add component (AddParameter): Name = "Alternate Part #"; Value = ""; VariantName = "[No Variations]"
Add component (AddParameter): Name = "Alternate Part Supplier"; Value = ""; VariantName = "[No Variations]"
Add component (AddParameter): Name = "Assembly Instructions"; Value = ""; VariantName = "[No Variations]"
Add component (AddParameter): Name = "Current Rating"; Value = ""; VariantName = "[No Variations]"
Add component (AddParameter): Name = "Detailed Description"; Value = "Resistor, 0 ohms, 1/8W, 1%, 100 ppm, SM, 75 WV, 100 OV, Thick Film, 0603, RoHS"; VariantName = "[No Variations]"
Add component (AddParameter): Name = "Internal Part #"; Value = ""; VariantName = "[No Variations]"
Add component (AddParameter): Name = "Manufacturer"; Value = "KOA Speer"; VariantName = "[No Variations]"
Add component (AddParameter): Name = "Manufacturer's Part #"; Value = "RK73Z1JTTD"; VariantName = "[No Variations]"
Add component (AddParameter): Name = "Package"; Value = "0603"; VariantName = "[No Variations]"
Add component (AddParameter): Name = "Part"; Value = "0R"; VariantName = "[No Variations]"
Add component (AddParameter): Name = "Power Rating"; Value = "1/8W"; VariantName = "[No Variations]"
Add component (AddParameter): Name = "Resistance"; Value = "0"; VariantName = "[No Variations]"
Add component (AddParameter): Name = "Revision"; Value = "1"; VariantName = "[No Variations]"
Add component (AddParameter): Name = "Supplier 1"; Value = "Arrow Electronics"; VariantName = "[No Variations]"
Add component (AddParameter): Name = "Supplier 2"; Value = "Digi-Key"; VariantName = "[No Variations]"
Add component (AddParameter): Name = "Supplier 3"; Value = "Mouser"; VariantName = "[No Variations]"
Add component (AddParameter): Name = "Supplier Part Number 1"; Value = "RK73Z1JTTD"; VariantName = "[No Variations]"
Add component (AddParameter): Name = "Supplier Part Number 2"; Value = "2019-RK73Z1JTTDCT-ND"; VariantName = "[No Variations]"
Add component (AddParameter): Name = "Supplier Part Number 3"; Value = "660-RK73Z1JTTD"; VariantName = "[No Variations]"
Add component (AddParameter): Name = "Tolerance"; Value = "1%"; VariantName = "[No Variations]"
Add component (AddParameter): Name = "Type"; Value = "Resistor"; VariantName = "[No Variations]"
Add component (AddParameter): Name = "Voltage Rating"; Value = "75V"; VariantName = "[No Variations]"
Added Component: Designator=R18(RESC1608X06N)
Add component (AddParameter): Name = "Alternate Part #"; Value = ""; VariantName = "[No Variations]"
Add component (AddParameter): Name = "Alternate Part Supplier"; Value = ""; VariantName = "[No Variations]"
Add component (AddParameter): Name = "Assembly Instructions"; Value = ""; VariantName = "[No Variations]"
Add component (AddParameter): Name = "Current Rating"; Value = ""; VariantName = "[No Variations]"
Add component (AddParameter): Name = "Detailed Description"; Value = "Resistor, 10K ohms, 1/8W, 1%, 100 ppm, SM, 75 WV, 100 OV, Thick Film, 0603, RoHS"; VariantName = "[No Variations]"
Add component (AddParameter): Name = "Internal Part #"; Value = ""; VariantName = "[No Variations]"
Add component (AddParameter): Name = "Manufacturer"; Value = "KOA Speer"; VariantName = "[No Variations]"
Add component (AddParameter): Name = "Manufacturer's Part #"; Value = "RK73H1JTTD1002F"; VariantName = "[No Variations]"
Add component (AddParameter): Name = "Package"; Value = "0603"; VariantName = "[No Variations]"
Add component (AddParameter): Name = "Part"; Value = "10K"; VariantName = "[No Variations]"
Add component (AddParameter): Name = "Power Rating"; Value = "1/8W"; VariantName = "[No Variations]"
Add component (AddParameter): Name = "Resistance"; Value = "10K"; VariantName = "[No Variations]"
Add component (AddParameter): Name = "Revision"; Value = "1"; VariantName = "[No Variations]"
Add component (AddParameter): Name = "Supplier 1"; Value = "Digi-Key"; VariantName = "[No Variations]"
Add component (AddParameter): Name = "Supplier 2"; Value = "Mouser"; VariantName = "[No Variations]"
Add component (AddParameter): Name = "Supplier 3"; Value = "Arrow Electronics"; VariantName = "[No Variations]"
Add component (AddParameter): Name = "Supplier Part Number 1"; Value = "2019-RK73H1JTTD1002FCT-ND"; VariantName = "[No Variations]"
Add component (AddParameter): Name = "Supplier Part Number 2"; Value = "660-RK73H1JTTD1002F"; VariantName = "[No Variations]"
Add component (AddParameter): Name = "Supplier Part Number 3"; Value = "RK73H1JTTD1002F"; VariantName = "[No Variations]"
Add component (AddParameter): Name = "Tolerance"; Value = "1%"; VariantName = "[No Variations]"
Add component (AddParameter): Name = "Type"; Value = "Resistor"; VariantName = "[No Variations]"
Add component (AddParameter): Name = "Voltage Rating"; Value = "75V"; VariantName = "[No Variations]"
Added Component: Designator=R19(RESC1608X06N)
Add component (AddParameter): Name = "Alternate Part #"; Value = ""; VariantName = "[No Variations]"
Add component (AddParameter): Name = "Alternate Part Supplier"; Value = ""; VariantName = "[No Variations]"
Add component (AddParameter): Name = "Assembly Instructions"; Value = ""; VariantName = "[No Variations]"
Add component (AddParameter): Name = "Current Rating"; Value = ""; VariantName = "[No Variations]"
Add component (AddParameter): Name = "Detailed Description"; Value = "Resistor, 10K ohms, 1/8W, 1%, 100 ppm, SM, 75 WV, 100 OV, Thick Film, 0603, RoHS"; VariantName = "[No Variations]"
Add component (AddParameter): Name = "Internal Part #"; Value = ""; VariantName = "[No Variations]"
Add component (AddParameter): Name = "Manufacturer"; Value = "KOA Speer"; VariantName = "[No Variations]"
Add component (AddParameter): Name = "Manufacturer's Part #"; Value = "RK73H1JTTD1002F"; VariantName = "[No Variations]"
Add component (AddParameter): Name = "Package"; Value = "0603"; VariantName = "[No Variations]"
Add component (AddParameter): Name = "Part"; Value = "10K"; VariantName = "[No Variations]"
Add component (AddParameter): Name = "Power Rating"; Value = "1/8W"; VariantName = "[No Variations]"
Add component (AddParameter): Name = "Resistance"; Value = "10K"; VariantName = "[No Variations]"
Add component (AddParameter): Name = "Revision"; Value = "1"; VariantName = "[No Variations]"
Add component (AddParameter): Name = "Supplier 1"; Value = "Digi-Key"; VariantName = "[No Variations]"
Add component (AddParameter): Name = "Supplier 2"; Value = "Mouser"; VariantName = "[No Variations]"
Add component (AddParameter): Name = "Supplier 3"; Value = "Arrow Electronics"; VariantName = "[No Variations]"
Add component (AddParameter): Name = "Supplier Part Number 1"; Value = "2019-RK73H1JTTD1002FCT-ND"; VariantName = "[No Variations]"
Add component (AddParameter): Name = "Supplier Part Number 2"; Value = "660-RK73H1JTTD1002F"; VariantName = "[No Variations]"
Add component (AddParameter): Name = "Supplier Part Number 3"; Value = "RK73H1JTTD1002F"; VariantName = "[No Variations]"
Add component (AddParameter): Name = "Tolerance"; Value = "1%"; VariantName = "[No Variations]"
Add component (AddParameter): Name = "Type"; Value = "Resistor"; VariantName = "[No Variations]"
Add component (AddParameter): Name = "Voltage Rating"; Value = "75V"; VariantName = "[No Variations]"
Added Component: Designator=SW1(SW_PTS810)
Add component (AddParameter): Name = "Alternate Part #"; Value = ""; VariantName = "[No Variations]"
Add component (AddParameter): Name = "Alternate Part Supplier"; Value = ""; VariantName = "[No Variations]"
Add component (AddParameter): Name = "Assembly Instructions"; Value = ""; VariantName = "[No Variations]"
Add component (AddParameter): Name = "Detailed Description"; Value = "Switch, Pushbutton, Top Actuated, SM, RoHS"; VariantName = "[No Variations]"
Add component (AddParameter): Name = "Internal Part #"; Value = ""; VariantName = "[No Variations]"
Add component (AddParameter): Name = "Manufacturer"; Value = "C&K Components"; VariantName = "[No Variations]"
Add component (AddParameter): Name = "Manufacturer's Part #"; Value = "PTS810 SJG 250 SMTR LFS"; VariantName = "[No Variations]"
Add component (AddParameter): Name = "Part"; Value = "SW, Momentary"; VariantName = "[No Variations]"
Add component (AddParameter): Name = "Revision"; Value = "1"; VariantName = "[No Variations]"
Add component (AddParameter): Name = "Supplier 1"; Value = "Digi-Key"; VariantName = "[No Variations]"
Add component (AddParameter): Name = "Supplier 2"; Value = "Newark"; VariantName = "[No Variations]"
Add component (AddParameter): Name = "Supplier Part Number 1"; Value = "CKN10504CT-ND"; VariantName = "[No Variations]"
Add component (AddParameter): Name = "Supplier Part Number 2"; Value = "35AH5293"; VariantName = "[No Variations]"
Add component (AddParameter): Name = "Type"; Value = "Switch, Pushbutton"; VariantName = "[No Variations]"
Added Component: Designator=SW2(416131160801)
Add component (AddParameter): Name = "Category"; Value = "Mechanical"; VariantName = "[No Variations]"
Add component (AddParameter): Name = "Checked"; Value = "OK"; VariantName = "[No Variations]"
Add component (AddParameter): Name = "ComponentLink1Description"; Value = "Datasheet"; VariantName = "[No Variations]"
Add component (AddParameter): Name = "ComponentLink1URL"; Value = "https://ree-du1svn.ree.adwin.renesas.com/du1svn2/REE_PCB_ACLIB/ADLib/pdf/00003396_416131160801.pdf"; VariantName = "[No Variations]"
Add component (AddParameter): Name = "Current"; Value = "100mA"; VariantName = "[No Variations]"
Add component (AddParameter): Name = "DC Resistance"; Value = ""; VariantName = "[No Variations]"
Add component (AddParameter): Name = "Forward Voltage"; Value = ""; VariantName = "[No Variations]"
Add component (AddParameter): Name = "Frequency"; Value = ""; VariantName = "[No Variations]"
Add component (AddParameter): Name = "Gender"; Value = ""; VariantName = "[No Variations]"
Add component (AddParameter): Name = "Height"; Value = "2.65"; VariantName = "[No Variations]"
Add component (AddParameter): Name = "Input Capacitance"; Value = ""; VariantName = "[No Variations]"
Add component (AddParameter): Name = "Load Capacitance"; Value = ""; VariantName = "[No Variations]"
Add component (AddParameter): Name = "Manufacturer 1"; Value = "Wurth Elektronik"; VariantName = "[No Variations]"
Add component (AddParameter): Name = "Manufacturer Part Number 1"; Value = "416131160801"; VariantName = "[No Variations]"
Add component (AddParameter): Name = "Operating Temperature"; Value = "-40~85C"; VariantName = "[No Variations]"
Add component (AddParameter): Name = "Output Voltage"; Value = ""; VariantName = "[No Variations]"
Add component (AddParameter): Name = "PartNumber"; Value = "MEC-00003396"; VariantName = "[No Variations]"
Add component (AddParameter): Name = "Pins"; Value = "2"; VariantName = "[No Variations]"
Add component (AddParameter): Name = "Power"; Value = ""; VariantName = "[No Variations]"
Add component (AddParameter): Name = "Qualification"; Value = ""; VariantName = "[No Variations]"
Add component (AddParameter): Name = "Reverse Voltage"; Value = ""; VariantName = "[No Variations]"
Add component (AddParameter): Name = "Temp Coefficient"; Value = ""; VariantName = "[No Variations]"
Add component (AddParameter): Name = "Tolerance"; Value = ""; VariantName = "[No Variations]"
Add component (AddParameter): Name = "V_GS Threshold"; Value = ""; VariantName = "[No Variations]"
Add component (AddParameter): Name = "Value"; Value = "416131160801"; VariantName = "[No Variations]"
Add component (AddParameter): Name = "Voltage"; Value = "50V"; VariantName = "[No Variations]"
Added Component: Designator=U1(DLG_DA14531MOD-00F01002)
Add component (AddParameter): Name = "Assembly Instructions"; Value = ""; VariantName = "[No Variations]"
Add component (AddParameter): Name = "Detailed Description"; Value = "DA14531MOD, Bluetooth Low Energy 5.1 Module, 128 kB Flash, 144kB ROM, 48kB RAM, 16-SMD Module, SM, RoHS"; VariantName = "[No Variations]"
Add component (AddParameter): Name = "Internal Part #"; Value = ""; VariantName = "[No Variations]"
Add component (AddParameter): Name = "Manufacturer 1"; Value = "Renesas Electronics"; VariantName = "[No Variations]"
Add component (AddParameter): Name = "Manufacturer Part Number 1"; Value = "DA14531MOD-00F01002"; VariantName = "[No Variations]"
Add component (AddParameter): Name = "Package"; Value = "16-SMD Module"; VariantName = "[No Variations]"
Add component (AddParameter): Name = "Part"; Value = "DA14531MOD"; VariantName = "[No Variations]"
Add component (AddParameter): Name = "Revision"; Value = "1"; VariantName = "[No Variations]"
Add component (AddParameter): Name = "Supplier 1"; Value = "Digi-Key"; VariantName = "[No Variations]"
Add component (AddParameter): Name = "Supplier 2"; Value = "Mouser"; VariantName = "[No Variations]"
Add component (AddParameter): Name = "Supplier Part Number 1"; Value = "1695-DA14531MOD-00F01002CT-ND"; VariantName = "[No Variations]"
Add component (AddParameter): Name = "Supplier Part Number 2"; Value = "724-DA14531MODF01002"; VariantName = "[No Variations]"
Add component (AddParameter): Name = "Type"; Value = "BLE 5.1 Module"; VariantName = "[No Variations]"
Added Component: Designator=U2(SOT65P210X110-5N)
Add component (AddParameter): Name = "Alternate Part #"; Value = "SN74LVC1G07DCKR"; VariantName = "[No Variations]"
Add component (AddParameter): Name = "Alternate Part Supplier"; Value = "Texas Instruments"; VariantName = "[No Variations]"
Add component (AddParameter): Name = "Assembly Instructions"; Value = ""; VariantName = "[No Variations]"
Add component (AddParameter): Name = "Detailed Description"; Value = "IC, Digital, Buffer, Inverting, Open Drain, SM, SC-70-5, RoHS"; VariantName = "[No Variations]"
Add component (AddParameter): Name = "Internal Part #"; Value = ""; VariantName = "[No Variations]"
Add component (AddParameter): Name = "Manufacturer"; Value = "Texas Instruments"; VariantName = "[No Variations]"
Add component (AddParameter): Name = "Manufacturer's Part #"; Value = "SN74LVC1G06DCKT"; VariantName = "[No Variations]"
Add component (AddParameter): Name = "Package"; Value = "SC-70-5"; VariantName = "[No Variations]"
Add component (AddParameter): Name = "Part"; Value = "SN74LVC1G06DCKT"; VariantName = "[No Variations]"
Add component (AddParameter): Name = "Revision"; Value = "1"; VariantName = "[No Variations]"
Add component (AddParameter): Name = "Supplier 1"; Value = "Digi-Key"; VariantName = "[No Variations]"
Add component (AddParameter): Name = "Supplier 2"; Value = "Mouser"; VariantName = "[No Variations]"
Add component (AddParameter): Name = "Supplier 3"; Value = "Arrow Electronics"; VariantName = "[No Variations]"
Add component (AddParameter): Name = "Supplier Part Number 1"; Value = "296-32290-1-ND"; VariantName = "[No Variations]"
Add component (AddParameter): Name = "Supplier Part Number 2"; Value = "595-SN74LVC1G06DCKT"; VariantName = "[No Variations]"
Add component (AddParameter): Name = "Supplier Part Number 3"; Value = "SN74LVC1G06DCKT"; VariantName = "[No Variations]"
Add component (AddParameter): Name = "Type"; Value = "Buffer"; VariantName = "[No Variations]"
Added Component: Designator=U3(SOT65P210X110-5N)
Add component (AddParameter): Name = "Alternate Part #"; Value = "SN74LVC1G07DCKR"; VariantName = "[No Variations]"
Add component (AddParameter): Name = "Alternate Part Supplier"; Value = "Texas Instruments"; VariantName = "[No Variations]"
Add component (AddParameter): Name = "Assembly Instructions"; Value = ""; VariantName = "[No Variations]"
Add component (AddParameter): Name = "Detailed Description"; Value = "IC, Digital, Buffer, Inverting, Open Drain, SM, SC-70-5, RoHS"; VariantName = "[No Variations]"
Add component (AddParameter): Name = "Internal Part #"; Value = ""; VariantName = "[No Variations]"
Add component (AddParameter): Name = "Manufacturer"; Value = "Texas Instruments"; VariantName = "[No Variations]"
Add component (AddParameter): Name = "Manufacturer's Part #"; Value = "SN74LVC1G06DCKT"; VariantName = "[No Variations]"
Add component (AddParameter): Name = "Package"; Value = "SC-70-5"; VariantName = "[No Variations]"
Add component (AddParameter): Name = "Part"; Value = "SN74LVC1G06DCKT"; VariantName = "[No Variations]"
Add component (AddParameter): Name = "Revision"; Value = "1"; VariantName = "[No Variations]"
Add component (AddParameter): Name = "Supplier 1"; Value = "Digi-Key"; VariantName = "[No Variations]"
Add component (AddParameter): Name = "Supplier 2"; Value = "Mouser"; VariantName = "[No Variations]"
Add component (AddParameter): Name = "Supplier 3"; Value = "Arrow Electronics"; VariantName = "[No Variations]"
Add component (AddParameter): Name = "Supplier Part Number 1"; Value = "296-32290-1-ND"; VariantName = "[No Variations]"
Add component (AddParameter): Name = "Supplier Part Number 2"; Value = "595-SN74LVC1G06DCKT"; VariantName = "[No Variations]"
Add component (AddParameter): Name = "Supplier Part Number 3"; Value = "SN74LVC1G06DCKT"; VariantName = "[No Variations]"
Add component (AddParameter): Name = "Type"; Value = "Buffer"; VariantName = "[No Variations]"
Added Pin To Net: NetName=3V3 Pin=C1-1
Added Pin To Net: NetName=3V3 Pin=C2-1
Added Pin To Net: NetName=3V3 Pin=C3-1
Added Pin To Net: NetName=3V3 Pin=J2-1
Added Pin To Net: NetName=3V3 Pin=Q1-S
Added Pin To Net: NetName=3V3 Pin=R1-1
Added Pin To Net: NetName=3V3 Pin=R2-1
Added Pin To Net: NetName=3V3 Pin=R15-1
Added Pin To Net: NetName=3V3 Pin=R16-1
Added Pin To Net: NetName=3V3 Pin=R18-1
Added Pin To Net: NetName=3V3 Pin=U1-J7
Added Pin To Net: NetName=3V3 Pin=U3-5
Added Net: Name=3V3
Added Pin To Net: NetName=CTS_GPIO Pin=J1-1
Added Pin To Net: NetName=CTS_GPIO Pin=U1-J13
Added Net: Name=CTS_GPIO
Added Pin To Net: NetName=GND Pin=BT1-1
Added Pin To Net: NetName=GND Pin=C1-2
Added Pin To Net: NetName=GND Pin=C2-2
Added Pin To Net: NetName=GND Pin=C3-2
Added Pin To Net: NetName=GND Pin=C4-2
Added Pin To Net: NetName=GND Pin=D1-K
Added Pin To Net: NetName=GND Pin=J1-5
Added Pin To Net: NetName=GND Pin=J1-11
Added Pin To Net: NetName=GND Pin=J2-3
Added Pin To Net: NetName=GND Pin=J2-5
Added Pin To Net: NetName=GND Pin=J2-9
Added Pin To Net: NetName=GND Pin=R19-2
Added Pin To Net: NetName=GND Pin=SW1-3
Added Pin To Net: NetName=GND Pin=SW1-4
Added Pin To Net: NetName=GND Pin=U1-J1
Added Pin To Net: NetName=GND Pin=U1-J2
Added Pin To Net: NetName=GND Pin=U1-J3
Added Pin To Net: NetName=GND Pin=U1-J4
Added Pin To Net: NetName=GND Pin=U1-J6
Added Pin To Net: NetName=GND Pin=U1-J11
Added Pin To Net: NetName=GND Pin=U3-3
Added Net: Name=GND
Added Pin To Net: NetName=GPIO1 Pin=J1-9
Added Pin To Net: NetName=GPIO1 Pin=R4-1
Added Pin To Net: NetName=GPIO1 Pin=R8-2
Added Pin To Net: NetName=GPIO1 Pin=U1-J15
Added Net: Name=GPIO1
Added Pin To Net: NetName=GPIO2 Pin=J1-10
Added Pin To Net: NetName=GPIO2 Pin=R2-2
Added Pin To Net: NetName=GPIO2 Pin=R3-1
Added Pin To Net: NetName=GPIO2 Pin=U1-J8
Added Net: Name=GPIO2
Added Pin To Net: NetName=GPIO_RESETn Pin=Q1-G
Added Pin To Net: NetName=GPIO_RESETn Pin=R14-1
Added Pin To Net: NetName=GPIO_RESETn Pin=R17-1
Added Pin To Net: NetName=GPIO_RESETn Pin=R18-2
Added Net: Name=GPIO_RESETn
Added Pin To Net: NetName=GPIO_RESET Pin=Q1-D
Added Pin To Net: NetName=GPIO_RESET Pin=R19-1
Added Pin To Net: NetName=GPIO_RESET Pin=U1-J12
Added Net: Name=GPIO_RESET
Added Pin To Net: NetName=INTn Pin=J1-7
Added Pin To Net: NetName=INTn Pin=R16-2
Added Pin To Net: NetName=INTn Pin=U2-4
Added Net: Name=INTn
Added Pin To Net: NetName=NetBT1_2 Pin=BT1-2
Added Pin To Net: NetName=NetBT1_2 Pin=R1-2
Added Net: Name=NetBT1_2
Added Pin To Net: NetName=NetC4_1 Pin=C4-1
Added Pin To Net: NetName=NetC4_1 Pin=J1-6
Added Pin To Net: NetName=NetC4_1 Pin=J1-12
Added Pin To Net: NetName=NetC4_1 Pin=R15-2
Added Net: Name=NetC4_1
Added Pin To Net: NetName=NetD1_A Pin=D1-A
Added Pin To Net: NetName=NetD1_A Pin=R4-2
Added Net: Name=NetD1_A
Added Pin To Net: NetName=NetJ1_8 Pin=J1-8
Added Pin To Net: NetName=NetJ1_8 Pin=R17-2
Added Net: Name=NetJ1_8
Added Pin To Net: NetName=NetJ2_2 Pin=J2-2
Added Pin To Net: NetName=NetJ2_2 Pin=R10-2
Added Net: Name=NetJ2_2
Added Pin To Net: NetName=NetJ2_4 Pin=J2-4
Added Pin To Net: NetName=NetJ2_4 Pin=R11-2
Added Net: Name=NetJ2_4
Added Pin To Net: NetName=NetJ2_6 Pin=J2-6
Added Pin To Net: NetName=NetJ2_6 Pin=R12-2
Added Net: Name=NetJ2_6
Added Pin To Net: NetName=NetJ2_8 Pin=J2-8
Added Pin To Net: NetName=NetJ2_8 Pin=R13-2
Added Net: Name=NetJ2_8
Added Pin To Net: NetName=NetJ2_10 Pin=J2-10
Added Pin To Net: NetName=NetJ2_10 Pin=R14-2
Added Net: Name=NetJ2_10
Added Pin To Net: NetName=NetR3_2 Pin=R3-2
Added Pin To Net: NetName=NetR3_2 Pin=SW1-1
Added Pin To Net: NetName=NetR3_2 Pin=SW1-2
Added Net: Name=NetR3_2
Added Pin To Net: NetName=NetR5_2 Pin=R5-2
Added Pin To Net: NetName=NetR5_2 Pin=U1-J14
Added Net: Name=NetR5_2
Added Pin To Net: NetName=NetR6_2 Pin=R6-2
Added Pin To Net: NetName=NetR6_2 Pin=U1-J5
Added Net: Name=NetR6_2
Added Pin To Net: NetName=NetR7_1 Pin=R7-1
Added Pin To Net: NetName=NetR7_1 Pin=SW2-1
Added Net: Name=NetR7_1
Added Pin To Net: NetName=NetR8_1 Pin=R8-1
Added Pin To Net: NetName=NetR8_1 Pin=R9-1
Added Pin To Net: NetName=NetR8_1 Pin=U2-2
Added Net: Name=NetR8_1
Added Pin To Net: NetName=P0_2_SWCLK Pin=R11-1
Added Pin To Net: NetName=P0_2_SWCLK Pin=U1-J10
Added Net: Name=P0_2_SWCLK
Added Pin To Net: NetName=P0_10_SWDIO Pin=R9-2
Added Pin To Net: NetName=P0_10_SWDIO Pin=R10-1
Added Pin To Net: NetName=P0_10_SWDIO Pin=U1-J9
Added Net: Name=P0_10_SWDIO
Added Pin To Net: NetName=RTS_GPIO Pin=J1-4
Added Pin To Net: NetName=RTS_GPIO Pin=U1-J16
Added Net: Name=RTS_GPIO
Added Pin To Net: NetName=RXD Pin=J1-3
Added Pin To Net: NetName=RXD Pin=R6-1
Added Pin To Net: NetName=RXD Pin=R7-2
Added Pin To Net: NetName=RXD Pin=R12-1
Added Net: Name=RXD
Added Pin To Net: NetName=TXD Pin=J1-2
Added Pin To Net: NetName=TXD Pin=R5-1
Added Pin To Net: NetName=TXD Pin=R13-1
Added Pin To Net: NetName=TXD Pin=SW2-2
Added Net: Name=TXD
Added Class: Name=schametic
Added Rule: Name=Schematic Supply Nets
Added Rule: Name=Schematic Supply Nets_1
